2026-06-14 14:50:21  INFO      ======================================================================
2026-06-14 14:50:21  INFO        MLB Quantization — running modes: ['A', 'B', 'C', 'D', 'E']
2026-06-14 14:50:21  INFO        Results root: ./results
2026-06-14 14:50:21  INFO      ======================================================================
2026-06-14 14:50:21  INFO      
======================================================================
2026-06-14 14:50:21  INFO        Starting MODE A
2026-06-14 14:50:21  INFO      ======================================================================
2026-06-14 14:50:21  INFO      ======================================================================
2026-06-14 14:50:21  INFO        MLB Quantization Experiment
2026-06-14 14:50:21  INFO        Mode  : A — FP32 Baseline
2026-06-14 14:50:21  INFO        Device: cpu
2026-06-14 14:50:21  INFO        Seed  : 42
2026-06-14 14:50:21  INFO      ======================================================================
2026-06-14 14:50:21  INFO      Loading Fashion-MNIST …
2026-06-14 14:50:21  INFO        Train=48,000  Val=12,000  Test=10,000
2026-06-14 14:50:21  INFO      Building model (mode=A) …
2026-06-14 14:50:21  INFO        Parameters: 272,186
2026-06-14 14:50:21  INFO      Starting training for up to 10 epochs …
2026-06-14 14:50:39  DEBUG       Epoch   1  Batch   75/375  [######------------------------]  20.0%  loss=0.8888
2026-06-14 14:50:54  DEBUG       Epoch   1  Batch  150/375  [############------------------]  40.0%  loss=0.7191
2026-06-14 14:51:06  DEBUG       Epoch   1  Batch  225/375  [##################------------]  60.0%  loss=0.6074
2026-06-14 14:51:18  DEBUG       Epoch   1  Batch  300/375  [########################------]  80.0%  loss=0.5409
2026-06-14 14:51:36  DEBUG       Epoch   1  Batch  375/375  [##############################] 100.0%  loss=0.5413
2026-06-14 14:51:46  INFO      Epoch   1/10  train_loss=0.7690  train_acc=0.7134  val_loss=0.5185  val_acc=0.7965  lr=1.00e-03  (75.3s)
2026-06-14 14:52:01  DEBUG       Epoch   2  Batch   75/375  [######------------------------]  20.0%  loss=0.4335
2026-06-14 14:52:22  DEBUG       Epoch   2  Batch  150/375  [############------------------]  40.0%  loss=0.5143
2026-06-14 14:52:57  DEBUG       Epoch   2  Batch  225/375  [##################------------]  60.0%  loss=0.3831
2026-06-14 14:53:35  DEBUG       Epoch   2  Batch  300/375  [########################------]  80.0%  loss=0.4135
2026-06-14 14:54:08  DEBUG       Epoch   2  Batch  375/375  [##############################] 100.0%  loss=0.2659
2026-06-14 14:54:17  INFO      Epoch   2/10  train_loss=0.4237  train_acc=0.8455  val_loss=0.4887  val_acc=0.8283  lr=9.76e-04  (142.1s)
2026-06-14 14:54:49  DEBUG       Epoch   3  Batch   75/375  [######------------------------]  20.0%  loss=0.3550
2026-06-14 14:55:22  DEBUG       Epoch   3  Batch  150/375  [############------------------]  40.0%  loss=0.3123
2026-06-14 14:55:54  DEBUG       Epoch   3  Batch  225/375  [##################------------]  60.0%  loss=0.2900
2026-06-14 14:56:26  DEBUG       Epoch   3  Batch  300/375  [########################------]  80.0%  loss=0.3410
2026-06-14 14:56:59  DEBUG       Epoch   3  Batch  375/375  [##############################] 100.0%  loss=0.3090
2026-06-14 14:57:07  INFO      Epoch   3/10  train_loss=0.3594  train_acc=0.8692  val_loss=0.3582  val_acc=0.8702  lr=9.05e-04  (162.0s)
2026-06-14 14:57:41  DEBUG       Epoch   4  Batch   75/375  [######------------------------]  20.0%  loss=0.3786
2026-06-14 14:58:13  DEBUG       Epoch   4  Batch  150/375  [############------------------]  40.0%  loss=0.3508
2026-06-14 14:58:46  DEBUG       Epoch   4  Batch  225/375  [##################------------]  60.0%  loss=0.3070
2026-06-14 14:59:19  DEBUG       Epoch   4  Batch  300/375  [########################------]  80.0%  loss=0.2263
2026-06-14 14:59:52  DEBUG       Epoch   4  Batch  375/375  [##############################] 100.0%  loss=0.2647
2026-06-14 15:00:01  INFO      Epoch   4/10  train_loss=0.3210  train_acc=0.8804  val_loss=0.3216  val_acc=0.8825  lr=7.94e-04  (164.5s)
2026-06-14 15:00:32  DEBUG       Epoch   5  Batch   75/375  [######------------------------]  20.0%  loss=0.2792
2026-06-14 15:01:05  DEBUG       Epoch   5  Batch  150/375  [############------------------]  40.0%  loss=0.3022
2026-06-14 15:01:43  DEBUG       Epoch   5  Batch  225/375  [##################------------]  60.0%  loss=0.2888
2026-06-14 15:02:18  DEBUG       Epoch   5  Batch  300/375  [########################------]  80.0%  loss=0.4618
2026-06-14 15:02:50  DEBUG       Epoch   5  Batch  375/375  [##############################] 100.0%  loss=0.2451
2026-06-14 15:02:58  INFO      Epoch   5/10  train_loss=0.2927  train_acc=0.8931  val_loss=0.2903  val_acc=0.8908  lr=6.55e-04  (169.1s)
2026-06-14 15:03:31  DEBUG       Epoch   6  Batch   75/375  [######------------------------]  20.0%  loss=0.2581
2026-06-14 15:04:03  DEBUG       Epoch   6  Batch  150/375  [############------------------]  40.0%  loss=0.1856
2026-06-14 15:04:35  DEBUG       Epoch   6  Batch  225/375  [##################------------]  60.0%  loss=0.2896
2026-06-14 15:05:07  DEBUG       Epoch   6  Batch  300/375  [########################------]  80.0%  loss=0.2702
2026-06-14 15:05:41  DEBUG       Epoch   6  Batch  375/375  [##############################] 100.0%  loss=0.2371
2026-06-14 15:05:51  INFO      Epoch   6/10  train_loss=0.2719  train_acc=0.9016  val_loss=0.2825  val_acc=0.8922  lr=5.01e-04  (162.6s)
2026-06-14 15:06:23  DEBUG       Epoch   7  Batch   75/375  [######------------------------]  20.0%  loss=0.2328
2026-06-14 15:06:54  DEBUG       Epoch   7  Batch  150/375  [############------------------]  40.0%  loss=0.2018
2026-06-14 15:07:26  DEBUG       Epoch   7  Batch  225/375  [##################------------]  60.0%  loss=0.3148
2026-06-14 15:07:58  DEBUG       Epoch   7  Batch  300/375  [########################------]  80.0%  loss=0.3662
2026-06-14 15:08:33  DEBUG       Epoch   7  Batch  375/375  [##############################] 100.0%  loss=0.2404
2026-06-14 15:08:42  INFO      Epoch   7/10  train_loss=0.2510  train_acc=0.9091  val_loss=0.2517  val_acc=0.9029  lr=3.46e-04  (162.3s)
2026-06-14 15:09:17  DEBUG       Epoch   8  Batch   75/375  [######------------------------]  20.0%  loss=0.2717
2026-06-14 15:09:51  DEBUG       Epoch   8  Batch  150/375  [############------------------]  40.0%  loss=0.2654
2026-06-14 15:10:28  DEBUG       Epoch   8  Batch  225/375  [##################------------]  60.0%  loss=0.2545
2026-06-14 15:11:02  DEBUG       Epoch   8  Batch  300/375  [########################------]  80.0%  loss=0.2566
2026-06-14 15:11:35  DEBUG       Epoch   8  Batch  375/375  [##############################] 100.0%  loss=0.1827
2026-06-14 15:11:44  INFO      Epoch   8/10  train_loss=0.2353  train_acc=0.9133  val_loss=0.2375  val_acc=0.9107  lr=2.07e-04  (172.5s)
2026-06-14 15:12:18  DEBUG       Epoch   9  Batch   75/375  [######------------------------]  20.0%  loss=0.3357
2026-06-14 15:12:51  DEBUG       Epoch   9  Batch  150/375  [############------------------]  40.0%  loss=0.2428
2026-06-14 15:13:24  DEBUG       Epoch   9  Batch  225/375  [##################------------]  60.0%  loss=0.1815
2026-06-14 15:13:57  DEBUG       Epoch   9  Batch  300/375  [########################------]  80.0%  loss=0.1982
2026-06-14 15:14:31  DEBUG       Epoch   9  Batch  375/375  [##############################] 100.0%  loss=0.2177
2026-06-14 15:14:40  INFO      Epoch   9/10  train_loss=0.2196  train_acc=0.9207  val_loss=0.2168  val_acc=0.9190  lr=9.64e-05  (166.7s)
2026-06-14 15:15:13  DEBUG       Epoch  10  Batch   75/375  [######------------------------]  20.0%  loss=0.2400
2026-06-14 15:15:46  DEBUG       Epoch  10  Batch  150/375  [############------------------]  40.0%  loss=0.1976
2026-06-14 15:16:20  DEBUG       Epoch  10  Batch  225/375  [##################------------]  60.0%  loss=0.2052
2026-06-14 15:16:54  DEBUG       Epoch  10  Batch  300/375  [########################------]  80.0%  loss=0.1643
2026-06-14 15:17:28  DEBUG       Epoch  10  Batch  375/375  [##############################] 100.0%  loss=0.2295
2026-06-14 15:17:38  INFO      Epoch  10/10  train_loss=0.2142  train_acc=0.9232  val_loss=0.2133  val_acc=0.9202  lr=2.54e-05  (168.3s)
2026-06-14 15:17:38  INFO      Training complete.  Total wall time: 1637.0s
2026-06-14 15:17:38  INFO      Loading best model for final evaluation …
2026-06-14 15:17:38  INFO      Final evaluation on validation set …
2026-06-14 15:17:48  INFO        Final val_loss=0.2133  val_acc=0.9202
2026-06-14 15:17:48  INFO      Computing experiment metrics …
2026-06-14 15:17:48  INFO        Benchmarking inference latency …
2026-06-14 15:17:50  INFO        Metrics summary:
2026-06-14 15:17:50  INFO          val_acc          = 92.02%
2026-06-14 15:17:50  INFO          inference_lat    = 7.988 ms/image
2026-06-14 15:17:50  INFO          model_size       = 1.04 MB
2026-06-14 15:17:50  INFO          avg_M            = 0.00
2026-06-14 15:17:50  INFO          compression_ratio= 1.00×
2026-06-14 15:17:50  INFO          quant_error      = 0.0000
2026-06-14 15:17:50  INFO          acc_drop_vs_fp32 = 0.00%
2026-06-14 15:17:50  INFO        Experiment summary → ./results\mode_A\metrics\experiment_summary.csv
2026-06-14 15:17:50  INFO        Layer quantization report → ./results\mode_A\metrics\layer_quantization_report.csv
2026-06-14 15:17:50  INFO      Generating training plots …
2026-06-14 15:17:53  INFO        Plots saved to ./results\mode_A\plots
2026-06-14 15:17:53  INFO        Run config → ./results\mode_A\logs\mode_A_config.json
2026-06-14 15:17:53  INFO      ======================================================================
2026-06-14 15:17:53  INFO        DONE.  Final val accuracy: 92.02%
2026-06-14 15:17:53  INFO      ======================================================================
2026-06-14 15:17:53  INFO        Mode A complete. val_acc=0.9201666666666667
2026-06-14 15:17:53  INFO      
======================================================================
2026-06-14 15:17:53  INFO        Starting MODE B
2026-06-14 15:17:53  INFO      ======================================================================
2026-06-14 15:17:53  INFO      ======================================================================
2026-06-14 15:17:53  INFO        MLB Quantization Experiment
2026-06-14 15:17:53  INFO        Mode  : B — Uniform MLB — Inference-Only (PTQ)
2026-06-14 15:17:53  INFO        Device: cpu
2026-06-14 15:17:53  INFO        Seed  : 42
2026-06-14 15:17:53  INFO      ======================================================================
2026-06-14 15:17:53  INFO      Loading Fashion-MNIST …
2026-06-14 15:17:53  INFO        Train=48,000  Val=12,000  Test=10,000
2026-06-14 15:17:53  INFO      Building model (mode=B) …
2026-06-14 15:17:53  INFO        Parameters: 272,186
2026-06-14 15:17:53  INFO      Starting training for up to 10 epochs …
2026-06-14 15:18:46  DEBUG       Epoch   1  Batch   75/375  [######------------------------]  20.0%  loss=0.8439
2026-06-14 15:19:25  DEBUG       Epoch   1  Batch  150/375  [############------------------]  40.0%  loss=0.5945
2026-06-14 15:20:01  DEBUG       Epoch   1  Batch  225/375  [##################------------]  60.0%  loss=0.6206
2026-06-14 15:20:40  DEBUG       Epoch   1  Batch  300/375  [########################------]  80.0%  loss=0.7088
2026-06-14 15:21:22  DEBUG       Epoch   1  Batch  375/375  [##############################] 100.0%  loss=0.5297
2026-06-14 15:21:37  INFO      Epoch   1/10  train_loss=0.7622  train_acc=0.7156  val_loss=0.5279  val_acc=0.7963  lr=1.00e-03  (208.6s)
2026-06-14 15:22:11  DEBUG       Epoch   2  Batch   75/375  [######------------------------]  20.0%  loss=0.3291
2026-06-14 15:22:43  DEBUG       Epoch   2  Batch  150/375  [############------------------]  40.0%  loss=0.3936
2026-06-14 15:23:24  DEBUG       Epoch   2  Batch  225/375  [##################------------]  60.0%  loss=0.4890
2026-06-14 15:24:05  DEBUG       Epoch   2  Batch  300/375  [########################------]  80.0%  loss=0.3162
2026-06-14 15:24:44  DEBUG       Epoch   2  Batch  375/375  [##############################] 100.0%  loss=0.3856
2026-06-14 15:24:57  INFO      Epoch   2/10  train_loss=0.4299  train_acc=0.8407  val_loss=0.4266  val_acc=0.8483  lr=9.76e-04  (186.1s)
2026-06-14 15:25:35  DEBUG       Epoch   3  Batch   75/375  [######------------------------]  20.0%  loss=0.3887
2026-06-14 15:26:11  DEBUG       Epoch   3  Batch  150/375  [############------------------]  40.0%  loss=0.4194
2026-06-14 15:26:56  DEBUG       Epoch   3  Batch  225/375  [##################------------]  60.0%  loss=0.3912
2026-06-14 15:27:35  DEBUG       Epoch   3  Batch  300/375  [########################------]  80.0%  loss=0.3484
2026-06-14 15:28:09  DEBUG       Epoch   3  Batch  375/375  [##############################] 100.0%  loss=0.3646
2026-06-14 15:28:20  INFO      Epoch   3/10  train_loss=0.3596  train_acc=0.8687  val_loss=0.3280  val_acc=0.8781  lr=9.05e-04  (192.8s)
2026-06-14 15:28:57  DEBUG       Epoch   4  Batch   75/375  [######------------------------]  20.0%  loss=0.3200
2026-06-14 15:29:43  DEBUG       Epoch   4  Batch  150/375  [############------------------]  40.0%  loss=0.3975
2026-06-14 15:30:24  DEBUG       Epoch   4  Batch  225/375  [##################------------]  60.0%  loss=0.2585
2026-06-14 15:31:01  DEBUG       Epoch   4  Batch  300/375  [########################------]  80.0%  loss=0.1746
2026-06-14 15:31:48  DEBUG       Epoch   4  Batch  375/375  [##############################] 100.0%  loss=0.3449
2026-06-14 15:32:01  INFO      Epoch   4/10  train_loss=0.3230  train_acc=0.8824  val_loss=0.3098  val_acc=0.8875  lr=7.94e-04  (208.0s)
2026-06-14 15:32:39  DEBUG       Epoch   5  Batch   75/375  [######------------------------]  20.0%  loss=0.2579
2026-06-14 15:33:16  DEBUG       Epoch   5  Batch  150/375  [############------------------]  40.0%  loss=0.3023
2026-06-14 15:33:56  DEBUG       Epoch   5  Batch  225/375  [##################------------]  60.0%  loss=0.2855
2026-06-14 15:34:32  DEBUG       Epoch   5  Batch  300/375  [########################------]  80.0%  loss=0.3393
2026-06-14 15:35:14  DEBUG       Epoch   5  Batch  375/375  [##############################] 100.0%  loss=0.2537
2026-06-14 15:35:24  INFO      Epoch   5/10  train_loss=0.2952  train_acc=0.8920  val_loss=0.2833  val_acc=0.8996  lr=6.55e-04  (192.5s)
2026-06-14 15:36:00  DEBUG       Epoch   6  Batch   75/375  [######------------------------]  20.0%  loss=0.3228
2026-06-14 15:36:45  DEBUG       Epoch   6  Batch  150/375  [############------------------]  40.0%  loss=0.2463
2026-06-14 15:37:19  DEBUG       Epoch   6  Batch  225/375  [##################------------]  60.0%  loss=0.3661
2026-06-14 15:37:57  DEBUG       Epoch   6  Batch  300/375  [########################------]  80.0%  loss=0.3207
2026-06-14 15:38:18  DEBUG       Epoch   6  Batch  375/375  [##############################] 100.0%  loss=0.3498
2026-06-14 15:38:25  INFO      Epoch   6/10  train_loss=0.2719  train_acc=0.8999  val_loss=0.2580  val_acc=0.9050  lr=5.01e-04  (173.7s)
2026-06-14 15:38:56  DEBUG       Epoch   7  Batch   75/375  [######------------------------]  20.0%  loss=0.2678
2026-06-14 15:39:29  DEBUG       Epoch   7  Batch  150/375  [############------------------]  40.0%  loss=0.3670
2026-06-14 15:40:01  DEBUG       Epoch   7  Batch  225/375  [##################------------]  60.0%  loss=0.2682
2026-06-14 15:40:32  DEBUG       Epoch   7  Batch  300/375  [########################------]  80.0%  loss=0.2264
2026-06-14 15:41:03  DEBUG       Epoch   7  Batch  375/375  [##############################] 100.0%  loss=0.1015
2026-06-14 15:41:12  INFO      Epoch   7/10  train_loss=0.2517  train_acc=0.9085  val_loss=0.2508  val_acc=0.9067  lr=3.46e-04  (157.9s)
2026-06-14 15:41:42  DEBUG       Epoch   8  Batch   75/375  [######------------------------]  20.0%  loss=0.2098
2026-06-14 15:42:13  DEBUG       Epoch   8  Batch  150/375  [############------------------]  40.0%  loss=0.2362
2026-06-14 15:42:45  DEBUG       Epoch   8  Batch  225/375  [##################------------]  60.0%  loss=0.2076
2026-06-14 15:43:17  DEBUG       Epoch   8  Batch  300/375  [########################------]  80.0%  loss=0.2624
2026-06-14 15:43:49  DEBUG       Epoch   8  Batch  375/375  [##############################] 100.0%  loss=0.1899
2026-06-14 15:43:57  INFO      Epoch   8/10  train_loss=0.2350  train_acc=0.9144  val_loss=0.2350  val_acc=0.9141  lr=2.07e-04  (156.5s)
2026-06-14 15:44:29  DEBUG       Epoch   9  Batch   75/375  [######------------------------]  20.0%  loss=0.2637
2026-06-14 15:45:02  DEBUG       Epoch   9  Batch  150/375  [############------------------]  40.0%  loss=0.2011
2026-06-14 15:45:38  DEBUG       Epoch   9  Batch  225/375  [##################------------]  60.0%  loss=0.2167
2026-06-14 15:46:12  DEBUG       Epoch   9  Batch  300/375  [########################------]  80.0%  loss=0.1392
2026-06-14 15:46:42  DEBUG       Epoch   9  Batch  375/375  [##############################] 100.0%  loss=0.1533
2026-06-14 15:46:51  INFO      Epoch   9/10  train_loss=0.2220  train_acc=0.9194  val_loss=0.2168  val_acc=0.9207  lr=9.64e-05  (165.0s)
2026-06-14 15:47:22  DEBUG       Epoch  10  Batch   75/375  [######------------------------]  20.0%  loss=0.2379
2026-06-14 15:47:54  DEBUG       Epoch  10  Batch  150/375  [############------------------]  40.0%  loss=0.2130
2026-06-14 15:48:25  DEBUG       Epoch  10  Batch  225/375  [##################------------]  60.0%  loss=0.2282
2026-06-14 15:48:56  DEBUG       Epoch  10  Batch  300/375  [########################------]  80.0%  loss=0.3151
2026-06-14 15:49:26  DEBUG       Epoch  10  Batch  375/375  [##############################] 100.0%  loss=0.2093
2026-06-14 15:49:35  INFO      Epoch  10/10  train_loss=0.2149  train_acc=0.9224  val_loss=0.2106  val_acc=0.9209  lr=2.54e-05  (155.4s)
2026-06-14 15:49:35  INFO      Training complete.  Total wall time: 1902.1s
2026-06-14 15:49:35  INFO      Loading best model for final evaluation …
2026-06-14 15:49:35  INFO      Applying post-training MLB quantization …
2026-06-14 15:49:35  INFO        Quantized 20 MLB layers.
2026-06-14 15:49:35  INFO      Final evaluation on validation set …
2026-06-14 15:49:44  INFO        Final val_loss=1.8251  val_acc=0.4378
2026-06-14 15:49:44  INFO      Computing experiment metrics …
2026-06-14 15:49:44  INFO        Benchmarking inference latency …
2026-06-14 15:49:46  INFO        Metrics summary:
2026-06-14 15:49:46  INFO          val_acc          = 43.78%
2026-06-14 15:49:46  INFO          inference_lat    = 6.894 ms/image
2026-06-14 15:49:46  INFO          model_size       = 1.04 MB
2026-06-14 15:49:46  INFO          avg_M            = 4.00
2026-06-14 15:49:46  INFO          compression_ratio= 8.00×
2026-06-14 15:49:46  INFO          quant_error      = 25.8461
2026-06-14 15:49:46  INFO        Experiment summary → ./results\mode_B\metrics\experiment_summary.csv
2026-06-14 15:49:46  INFO        Layer quantization report → ./results\mode_B\metrics\layer_quantization_report.csv
2026-06-14 15:49:46  INFO      Generating training plots …
2026-06-14 15:50:08  INFO        Plots saved to ./results\mode_B\plots
2026-06-14 15:50:08  INFO        Run config → ./results\mode_B\logs\mode_B_config.json
2026-06-14 15:50:08  INFO      ======================================================================
2026-06-14 15:50:08  INFO        DONE.  Final val accuracy: 43.78%
2026-06-14 15:50:08  INFO      ======================================================================
2026-06-14 15:50:12  INFO        Mode B complete. val_acc=0.43783333333333335
2026-06-14 15:50:12  INFO      
======================================================================
2026-06-14 15:50:12  INFO        Starting MODE C
2026-06-14 15:50:12  INFO      ======================================================================
2026-06-14 15:50:12  INFO      ======================================================================
2026-06-14 15:50:12  INFO        MLB Quantization Experiment
2026-06-14 15:50:12  INFO        Mode  : C — Uniform MLB — Quantization-Aware Training (QAT)
2026-06-14 15:50:12  INFO        Device: cpu
2026-06-14 15:50:12  INFO        Seed  : 42
2026-06-14 15:50:12  INFO      ======================================================================
2026-06-14 15:50:12  INFO      Loading Fashion-MNIST …
2026-06-14 15:50:12  INFO        Train=48,000  Val=12,000  Test=10,000
2026-06-14 15:50:12  INFO      Building model (mode=C) …
2026-06-14 15:50:12  INFO        Parameters: 272,186
2026-06-14 15:50:12  INFO      Starting training for up to 10 epochs …
2026-06-14 15:50:53  DEBUG       Epoch   1  Batch   75/375  [######------------------------]  20.0%  loss=0.9202
2026-06-14 15:51:26  DEBUG       Epoch   1  Batch  150/375  [############------------------]  40.0%  loss=0.5506
2026-06-14 15:51:58  DEBUG       Epoch   1  Batch  225/375  [##################------------]  60.0%  loss=0.6675
2026-06-14 15:52:30  DEBUG       Epoch   1  Batch  300/375  [########################------]  80.0%  loss=0.7263
2026-06-14 15:53:02  DEBUG       Epoch   1  Batch  375/375  [##############################] 100.0%  loss=0.5063
2026-06-14 15:53:15  INFO      Epoch   1/10  train_loss=0.7803  train_acc=0.7119  val_loss=0.5122  val_acc=0.8114  lr=1.00e-03  (170.3s)
2026-06-14 15:53:49  DEBUG       Epoch   2  Batch   75/375  [######------------------------]  20.0%  loss=0.3483
2026-06-14 15:54:22  DEBUG       Epoch   2  Batch  150/375  [############------------------]  40.0%  loss=0.4368
2026-06-14 15:54:56  DEBUG       Epoch   2  Batch  225/375  [##################------------]  60.0%  loss=0.4989
2026-06-14 15:55:29  DEBUG       Epoch   2  Batch  300/375  [########################------]  80.0%  loss=0.3579
2026-06-14 15:56:03  DEBUG       Epoch   2  Batch  375/375  [##############################] 100.0%  loss=0.4214
2026-06-14 15:56:13  INFO      Epoch   2/10  train_loss=0.4525  train_acc=0.8320  val_loss=0.4743  val_acc=0.8264  lr=9.76e-04  (167.6s)
2026-06-14 15:56:45  DEBUG       Epoch   3  Batch   75/375  [######------------------------]  20.0%  loss=0.4427
2026-06-14 15:57:19  DEBUG       Epoch   3  Batch  150/375  [############------------------]  40.0%  loss=0.4135
2026-06-14 15:57:52  DEBUG       Epoch   3  Batch  225/375  [##################------------]  60.0%  loss=0.4171
2026-06-14 15:58:26  DEBUG       Epoch   3  Batch  300/375  [########################------]  80.0%  loss=0.3936
2026-06-14 15:59:00  DEBUG       Epoch   3  Batch  375/375  [##############################] 100.0%  loss=0.3672
2026-06-14 15:59:09  INFO      Epoch   3/10  train_loss=0.3757  train_acc=0.8616  val_loss=0.3327  val_acc=0.8755  lr=9.05e-04  (167.4s)
2026-06-14 15:59:43  DEBUG       Epoch   4  Batch   75/375  [######------------------------]  20.0%  loss=0.3106
2026-06-14 16:00:27  DEBUG       Epoch   4  Batch  150/375  [############------------------]  40.0%  loss=0.3646
2026-06-14 16:01:16  DEBUG       Epoch   4  Batch  225/375  [##################------------]  60.0%  loss=0.2769
2026-06-14 16:02:06  DEBUG       Epoch   4  Batch  300/375  [########################------]  80.0%  loss=0.2094
2026-06-14 16:02:54  DEBUG       Epoch   4  Batch  375/375  [##############################] 100.0%  loss=0.3836
2026-06-14 16:03:11  INFO      Epoch   4/10  train_loss=0.3338  train_acc=0.8772  val_loss=0.2932  val_acc=0.8939  lr=7.94e-04  (224.8s)
2026-06-14 16:04:01  DEBUG       Epoch   5  Batch   75/375  [######------------------------]  20.0%  loss=0.3209
2026-06-14 16:04:49  DEBUG       Epoch   5  Batch  150/375  [############------------------]  40.0%  loss=0.2936
2026-06-14 16:05:38  DEBUG       Epoch   5  Batch  225/375  [##################------------]  60.0%  loss=0.2944
2026-06-14 16:06:27  DEBUG       Epoch   5  Batch  300/375  [########################------]  80.0%  loss=0.3989
2026-06-14 16:07:15  DEBUG       Epoch   5  Batch  375/375  [##############################] 100.0%  loss=0.2554
2026-06-14 16:07:32  INFO      Epoch   5/10  train_loss=0.3039  train_acc=0.8883  val_loss=0.2829  val_acc=0.8949  lr=6.55e-04  (244.6s)
2026-06-14 16:08:23  DEBUG       Epoch   6  Batch   75/375  [######------------------------]  20.0%  loss=0.3788
2026-06-14 16:09:13  DEBUG       Epoch   6  Batch  150/375  [############------------------]  40.0%  loss=0.2356
2026-06-14 16:09:56  DEBUG       Epoch   6  Batch  225/375  [##################------------]  60.0%  loss=0.3813
2026-06-14 16:10:16  DEBUG       Epoch   6  Batch  300/375  [########################------]  80.0%  loss=0.3432
2026-06-14 16:10:32  DEBUG       Epoch   6  Batch  375/375  [##############################] 100.0%  loss=0.3626
2026-06-14 16:10:41  INFO      Epoch   6/10  train_loss=0.2771  train_acc=0.8981  val_loss=0.2882  val_acc=0.8943  lr=5.01e-04  (180.1s)
2026-06-14 16:11:04  DEBUG       Epoch   7  Batch   75/375  [######------------------------]  20.0%  loss=0.2736
2026-06-14 16:11:27  DEBUG       Epoch   7  Batch  150/375  [############------------------]  40.0%  loss=0.3325
2026-06-14 16:11:48  DEBUG       Epoch   7  Batch  225/375  [##################------------]  60.0%  loss=0.2602
2026-06-14 16:12:08  DEBUG       Epoch   7  Batch  300/375  [########################------]  80.0%  loss=0.2000
2026-06-14 16:12:30  DEBUG       Epoch   7  Batch  375/375  [##############################] 100.0%  loss=0.1272
2026-06-14 16:12:37  INFO      Epoch   7/10  train_loss=0.2590  train_acc=0.9050  val_loss=0.2535  val_acc=0.9087  lr=3.46e-04  (109.1s)
2026-06-14 16:12:59  DEBUG       Epoch   8  Batch   75/375  [######------------------------]  20.0%  loss=0.2124
2026-06-14 16:13:20  DEBUG       Epoch   8  Batch  150/375  [############------------------]  40.0%  loss=0.2589
2026-06-14 16:13:42  DEBUG       Epoch   8  Batch  225/375  [##################------------]  60.0%  loss=0.2332
2026-06-14 16:14:04  DEBUG       Epoch   8  Batch  300/375  [########################------]  80.0%  loss=0.2620
2026-06-14 16:14:25  DEBUG       Epoch   8  Batch  375/375  [##############################] 100.0%  loss=0.2416
2026-06-14 16:14:33  INFO      Epoch   8/10  train_loss=0.2422  train_acc=0.9125  val_loss=0.2411  val_acc=0.9110  lr=2.07e-04  (107.9s)
2026-06-14 16:14:55  DEBUG       Epoch   9  Batch   75/375  [######------------------------]  20.0%  loss=0.2671
2026-06-14 16:15:18  DEBUG       Epoch   9  Batch  150/375  [############------------------]  40.0%  loss=0.1841
2026-06-14 16:15:40  DEBUG       Epoch   9  Batch  225/375  [##################------------]  60.0%  loss=0.2340
2026-06-14 16:16:02  DEBUG       Epoch   9  Batch  300/375  [########################------]  80.0%  loss=0.1348
2026-06-14 16:16:25  DEBUG       Epoch   9  Batch  375/375  [##############################] 100.0%  loss=0.1841
2026-06-14 16:16:32  INFO      Epoch   9/10  train_loss=0.2263  train_acc=0.9178  val_loss=0.2227  val_acc=0.9193  lr=9.64e-05  (111.8s)
2026-06-14 16:16:55  DEBUG       Epoch  10  Batch   75/375  [######------------------------]  20.0%  loss=0.2258
2026-06-14 16:17:17  DEBUG       Epoch  10  Batch  150/375  [############------------------]  40.0%  loss=0.2276
2026-06-14 16:17:40  DEBUG       Epoch  10  Batch  225/375  [##################------------]  60.0%  loss=0.2114
2026-06-14 16:18:02  DEBUG       Epoch  10  Batch  300/375  [########################------]  80.0%  loss=0.3457
2026-06-14 16:18:25  DEBUG       Epoch  10  Batch  375/375  [##############################] 100.0%  loss=0.1966
2026-06-14 16:18:32  INFO      Epoch  10/10  train_loss=0.2179  train_acc=0.9219  val_loss=0.2114  val_acc=0.9233  lr=2.54e-05  (112.8s)
2026-06-14 16:18:33  INFO      Training complete.  Total wall time: 1700.6s
2026-06-14 16:18:33  INFO      Loading best model for final evaluation …
2026-06-14 16:18:33  INFO      Final evaluation on validation set …
2026-06-14 16:18:40  INFO        Final val_loss=0.2114  val_acc=0.9233
2026-06-14 16:18:40  INFO      Computing experiment metrics …
2026-06-14 16:18:40  INFO        Benchmarking inference latency …
2026-06-14 16:18:44  INFO        Metrics summary:
2026-06-14 16:18:44  INFO          val_acc          = 92.33%
2026-06-14 16:18:44  INFO          inference_lat    = 17.925 ms/image
2026-06-14 16:18:44  INFO          model_size       = 1.04 MB
2026-06-14 16:18:44  INFO          avg_M            = 4.00
2026-06-14 16:18:44  INFO          compression_ratio= 8.00×
2026-06-14 16:18:44  INFO          quant_error      = 26.7389
2026-06-14 16:18:44  INFO        Experiment summary → ./results\mode_C\metrics\experiment_summary.csv
2026-06-14 16:18:44  INFO        Layer quantization report → ./results\mode_C\metrics\layer_quantization_report.csv
2026-06-14 16:18:44  INFO      Generating training plots …
2026-06-14 16:18:45  INFO        Plots saved to ./results\mode_C\plots
2026-06-14 16:18:45  INFO        Run config → ./results\mode_C\logs\mode_C_config.json
2026-06-14 16:18:45  INFO      ======================================================================
2026-06-14 16:18:45  INFO        DONE.  Final val accuracy: 92.33%
2026-06-14 16:18:45  INFO      ======================================================================
2026-06-14 16:18:47  INFO        Mode C complete. val_acc=0.9233333333333333
2026-06-14 16:18:47  INFO      
======================================================================
2026-06-14 16:18:47  INFO        Starting MODE D
2026-06-14 16:18:47  INFO      ======================================================================
2026-06-14 16:18:47  INFO      ======================================================================
2026-06-14 16:18:47  INFO        MLB Quantization Experiment
2026-06-14 16:18:47  INFO        Mode  : D — Mixed-Precision MLB — Inference-Only (PTQ)
2026-06-14 16:18:47  INFO        Device: cpu
2026-06-14 16:18:47  INFO        Seed  : 42
2026-06-14 16:18:47  INFO      ======================================================================
2026-06-14 16:18:47  INFO      Loading Fashion-MNIST …
2026-06-14 16:18:48  INFO        Train=48,000  Val=12,000  Test=10,000
2026-06-14 16:18:48  INFO      Building model (mode=D) …
2026-06-14 16:18:48  INFO        Parameters: 272,186
2026-06-14 16:18:48  INFO      Starting training for up to 10 epochs …
2026-06-14 16:19:18  DEBUG       Epoch   1  Batch   75/375  [######------------------------]  20.0%  loss=0.8439
2026-06-14 16:19:38  DEBUG       Epoch   1  Batch  150/375  [############------------------]  40.0%  loss=0.5945
2026-06-14 16:19:59  DEBUG       Epoch   1  Batch  225/375  [##################------------]  60.0%  loss=0.6206
2026-06-14 16:20:21  DEBUG       Epoch   1  Batch  300/375  [########################------]  80.0%  loss=0.7088
2026-06-14 16:20:42  DEBUG       Epoch   1  Batch  375/375  [##############################] 100.0%  loss=0.5297
2026-06-14 16:20:53  INFO      Epoch   1/10  train_loss=0.7622  train_acc=0.7156  val_loss=0.5279  val_acc=0.7963  lr=1.00e-03  (114.6s)
2026-06-14 16:21:15  DEBUG       Epoch   2  Batch   75/375  [######------------------------]  20.0%  loss=0.3291
2026-06-14 16:21:36  DEBUG       Epoch   2  Batch  150/375  [############------------------]  40.0%  loss=0.3936
2026-06-14 16:21:58  DEBUG       Epoch   2  Batch  225/375  [##################------------]  60.0%  loss=0.4890
2026-06-14 16:22:20  DEBUG       Epoch   2  Batch  300/375  [########################------]  80.0%  loss=0.3162
2026-06-14 16:22:41  DEBUG       Epoch   2  Batch  375/375  [##############################] 100.0%  loss=0.3856
2026-06-14 16:22:48  INFO      Epoch   2/10  train_loss=0.4299  train_acc=0.8407  val_loss=0.4266  val_acc=0.8483  lr=9.76e-04  (108.7s)
2026-06-14 16:23:11  DEBUG       Epoch   3  Batch   75/375  [######------------------------]  20.0%  loss=0.3887
2026-06-14 16:23:32  DEBUG       Epoch   3  Batch  150/375  [############------------------]  40.0%  loss=0.4194
2026-06-14 16:23:54  DEBUG       Epoch   3  Batch  225/375  [##################------------]  60.0%  loss=0.3912
2026-06-14 16:24:16  DEBUG       Epoch   3  Batch  300/375  [########################------]  80.0%  loss=0.3484
2026-06-14 16:24:39  DEBUG       Epoch   3  Batch  375/375  [##############################] 100.0%  loss=0.3646
2026-06-14 16:24:48  INFO      Epoch   3/10  train_loss=0.3596  train_acc=0.8687  val_loss=0.3280  val_acc=0.8781  lr=9.05e-04  (110.7s)
2026-06-14 16:25:11  DEBUG       Epoch   4  Batch   75/375  [######------------------------]  20.0%  loss=0.3200
2026-06-14 16:25:32  DEBUG       Epoch   4  Batch  150/375  [############------------------]  40.0%  loss=0.3975
2026-06-14 16:25:53  DEBUG       Epoch   4  Batch  225/375  [##################------------]  60.0%  loss=0.2585
2026-06-14 16:26:14  DEBUG       Epoch   4  Batch  300/375  [########################------]  80.0%  loss=0.1746
2026-06-14 16:26:36  DEBUG       Epoch   4  Batch  375/375  [##############################] 100.0%  loss=0.3449
2026-06-14 16:26:43  INFO      Epoch   4/10  train_loss=0.3230  train_acc=0.8824  val_loss=0.3098  val_acc=0.8875  lr=7.94e-04  (107.8s)
2026-06-14 16:27:05  DEBUG       Epoch   5  Batch   75/375  [######------------------------]  20.0%  loss=0.2579
2026-06-14 16:27:28  DEBUG       Epoch   5  Batch  150/375  [############------------------]  40.0%  loss=0.3023
2026-06-14 16:27:52  DEBUG       Epoch   5  Batch  225/375  [##################------------]  60.0%  loss=0.2855
2026-06-14 16:28:14  DEBUG       Epoch   5  Batch  300/375  [########################------]  80.0%  loss=0.3393
2026-06-14 16:28:37  DEBUG       Epoch   5  Batch  375/375  [##############################] 100.0%  loss=0.2537
2026-06-14 16:28:43  INFO      Epoch   5/10  train_loss=0.2952  train_acc=0.8920  val_loss=0.2833  val_acc=0.8996  lr=6.55e-04  (113.9s)
2026-06-14 16:29:03  DEBUG       Epoch   6  Batch   75/375  [######------------------------]  20.0%  loss=0.3228
2026-06-14 16:29:23  DEBUG       Epoch   6  Batch  150/375  [############------------------]  40.0%  loss=0.2463
2026-06-14 16:29:43  DEBUG       Epoch   6  Batch  225/375  [##################------------]  60.0%  loss=0.3661
2026-06-14 16:30:03  DEBUG       Epoch   6  Batch  300/375  [########################------]  80.0%  loss=0.3207
2026-06-14 16:30:23  DEBUG       Epoch   6  Batch  375/375  [##############################] 100.0%  loss=0.3498
2026-06-14 16:30:30  INFO      Epoch   6/10  train_loss=0.2719  train_acc=0.8999  val_loss=0.2580  val_acc=0.9050  lr=5.01e-04  (99.4s)
2026-06-14 16:30:52  DEBUG       Epoch   7  Batch   75/375  [######------------------------]  20.0%  loss=0.2678
2026-06-14 16:31:15  DEBUG       Epoch   7  Batch  150/375  [############------------------]  40.0%  loss=0.3670
2026-06-14 16:31:37  DEBUG       Epoch   7  Batch  225/375  [##################------------]  60.0%  loss=0.2682
2026-06-14 16:31:58  DEBUG       Epoch   7  Batch  300/375  [########################------]  80.0%  loss=0.2264
2026-06-14 16:32:21  DEBUG       Epoch   7  Batch  375/375  [##############################] 100.0%  loss=0.1015
2026-06-14 16:32:28  INFO      Epoch   7/10  train_loss=0.2517  train_acc=0.9085  val_loss=0.2508  val_acc=0.9067  lr=3.46e-04  (111.0s)
2026-06-14 16:32:50  DEBUG       Epoch   8  Batch   75/375  [######------------------------]  20.0%  loss=0.2098
2026-06-14 16:33:11  DEBUG       Epoch   8  Batch  150/375  [############------------------]  40.0%  loss=0.2362
2026-06-14 16:33:33  DEBUG       Epoch   8  Batch  225/375  [##################------------]  60.0%  loss=0.2076
2026-06-14 16:33:56  DEBUG       Epoch   8  Batch  300/375  [########################------]  80.0%  loss=0.2624
2026-06-14 16:34:20  DEBUG       Epoch   8  Batch  375/375  [##############################] 100.0%  loss=0.1899
2026-06-14 16:34:26  INFO      Epoch   8/10  train_loss=0.2350  train_acc=0.9144  val_loss=0.2350  val_acc=0.9141  lr=2.07e-04  (111.8s)
2026-06-14 16:34:48  DEBUG       Epoch   9  Batch   75/375  [######------------------------]  20.0%  loss=0.2637
2026-06-14 16:35:09  DEBUG       Epoch   9  Batch  150/375  [############------------------]  40.0%  loss=0.2011
2026-06-14 16:35:30  DEBUG       Epoch   9  Batch  225/375  [##################------------]  60.0%  loss=0.2167
2026-06-14 16:35:53  DEBUG       Epoch   9  Batch  300/375  [########################------]  80.0%  loss=0.1392
2026-06-14 16:36:12  DEBUG       Epoch   9  Batch  375/375  [##############################] 100.0%  loss=0.1533
2026-06-14 16:36:19  INFO      Epoch   9/10  train_loss=0.2220  train_acc=0.9194  val_loss=0.2168  val_acc=0.9207  lr=9.64e-05  (105.7s)
2026-06-14 16:36:39  DEBUG       Epoch  10  Batch   75/375  [######------------------------]  20.0%  loss=0.2379
2026-06-14 16:36:59  DEBUG       Epoch  10  Batch  150/375  [############------------------]  40.0%  loss=0.2130
2026-06-14 16:37:19  DEBUG       Epoch  10  Batch  225/375  [##################------------]  60.0%  loss=0.2282
2026-06-14 16:37:40  DEBUG       Epoch  10  Batch  300/375  [########################------]  80.0%  loss=0.3151
2026-06-14 16:38:00  DEBUG       Epoch  10  Batch  375/375  [##############################] 100.0%  loss=0.2093
2026-06-14 16:38:06  INFO      Epoch  10/10  train_loss=0.2149  train_acc=0.9224  val_loss=0.2106  val_acc=0.9209  lr=2.54e-05  (100.3s)
2026-06-14 16:38:06  INFO      Training complete.  Total wall time: 1158.5s
2026-06-14 16:38:06  INFO      Loading best model for final evaluation …
2026-06-14 16:38:06  INFO      Applying post-training MLB quantization …
2026-06-14 16:38:06  INFO        Quantized 20 MLB layers.
2026-06-14 16:38:06  INFO      Final evaluation on validation set …
2026-06-14 16:38:13  INFO        Final val_loss=2.1440  val_acc=0.4202
2026-06-14 16:38:13  INFO      Computing experiment metrics …
2026-06-14 16:38:13  INFO        Benchmarking inference latency …
2026-06-14 16:38:14  INFO        Metrics summary:
2026-06-14 16:38:14  INFO          val_acc          = 42.02%
2026-06-14 16:38:14  INFO          inference_lat    = 5.216 ms/image
2026-06-14 16:38:14  INFO          model_size       = 1.04 MB
2026-06-14 16:38:14  INFO          avg_M            = 3.29
2026-06-14 16:38:14  INFO          compression_ratio= 9.72×
2026-06-14 16:38:14  INFO          quant_error      = 28.3490
2026-06-14 16:38:14  INFO        Experiment summary → ./results\mode_D\metrics\experiment_summary.csv
2026-06-14 16:38:14  INFO        Layer quantization report → ./results\mode_D\metrics\layer_quantization_report.csv
2026-06-14 16:38:14  INFO      Generating training plots …
2026-06-14 16:38:15  INFO        Plots saved to ./results\mode_D\plots
2026-06-14 16:38:15  INFO        Run config → ./results\mode_D\logs\mode_D_config.json
2026-06-14 16:38:15  INFO      ======================================================================
2026-06-14 16:38:15  INFO        DONE.  Final val accuracy: 42.02%
2026-06-14 16:38:15  INFO      ======================================================================
2026-06-14 16:38:17  INFO        Mode D complete. val_acc=0.4201666666666667
2026-06-14 16:38:17  INFO      
======================================================================
2026-06-14 16:38:17  INFO        Starting MODE E
2026-06-14 16:38:17  INFO      ======================================================================
2026-06-14 16:38:17  INFO      ======================================================================
2026-06-14 16:38:17  INFO        MLB Quantization Experiment
2026-06-14 16:38:17  INFO        Mode  : E — Mixed-Precision MLB — Quantization-Aware Training (QAT)
2026-06-14 16:38:17  INFO        Device: cpu
2026-06-14 16:38:17  INFO        Seed  : 42
2026-06-14 16:38:17  INFO      ======================================================================
2026-06-14 16:38:17  INFO      Loading Fashion-MNIST …
2026-06-14 16:38:18  INFO        Train=48,000  Val=12,000  Test=10,000
2026-06-14 16:38:18  INFO      Building model (mode=E) …
2026-06-14 16:38:18  INFO        Parameters: 272,186
2026-06-14 16:38:18  INFO      Starting training for up to 10 epochs …
2026-06-14 16:38:50  DEBUG       Epoch   1  Batch   75/375  [######------------------------]  20.0%  loss=0.8655
2026-06-14 16:39:15  DEBUG       Epoch   1  Batch  150/375  [############------------------]  40.0%  loss=0.5935
2026-06-14 16:39:40  DEBUG       Epoch   1  Batch  225/375  [##################------------]  60.0%  loss=0.6130
2026-06-14 16:40:07  DEBUG       Epoch   1  Batch  300/375  [########################------]  80.0%  loss=0.7164
2026-06-14 16:40:30  DEBUG       Epoch   1  Batch  375/375  [##############################] 100.0%  loss=0.5036
2026-06-14 16:40:42  INFO      Epoch   1/10  train_loss=0.7907  train_acc=0.7028  val_loss=0.5160  val_acc=0.8061  lr=1.00e-03  (132.9s)
2026-06-14 16:41:06  DEBUG       Epoch   2  Batch   75/375  [######------------------------]  20.0%  loss=0.3220
2026-06-14 16:41:28  DEBUG       Epoch   2  Batch  150/375  [############------------------]  40.0%  loss=0.3930
2026-06-14 16:41:51  DEBUG       Epoch   2  Batch  225/375  [##################------------]  60.0%  loss=0.4993
2026-06-14 16:42:16  DEBUG       Epoch   2  Batch  300/375  [########################------]  80.0%  loss=0.3211
2026-06-14 16:42:41  DEBUG       Epoch   2  Batch  375/375  [##############################] 100.0%  loss=0.3929
2026-06-14 16:42:48  INFO      Epoch   2/10  train_loss=0.4444  train_acc=0.8355  val_loss=0.4959  val_acc=0.8203  lr=9.76e-04  (118.4s)
2026-06-14 16:43:12  DEBUG       Epoch   3  Batch   75/375  [######------------------------]  20.0%  loss=0.3858
2026-06-14 16:43:37  DEBUG       Epoch   3  Batch  150/375  [############------------------]  40.0%  loss=0.4486
2026-06-14 16:44:02  DEBUG       Epoch   3  Batch  225/375  [##################------------]  60.0%  loss=0.3954
2026-06-14 16:44:26  DEBUG       Epoch   3  Batch  300/375  [########################------]  80.0%  loss=0.3834
2026-06-14 16:44:50  DEBUG       Epoch   3  Batch  375/375  [##############################] 100.0%  loss=0.3882
2026-06-14 16:44:58  INFO      Epoch   3/10  train_loss=0.3707  train_acc=0.8638  val_loss=0.3956  val_acc=0.8522  lr=9.05e-04  (121.9s)
2026-06-14 16:45:22  DEBUG       Epoch   4  Batch   75/375  [######------------------------]  20.0%  loss=0.3063
2026-06-14 16:45:47  DEBUG       Epoch   4  Batch  150/375  [############------------------]  40.0%  loss=0.3667
2026-06-14 16:46:12  DEBUG       Epoch   4  Batch  225/375  [##################------------]  60.0%  loss=0.2599
2026-06-14 16:46:36  DEBUG       Epoch   4  Batch  300/375  [########################------]  80.0%  loss=0.2016
2026-06-14 16:47:00  DEBUG       Epoch   4  Batch  375/375  [##############################] 100.0%  loss=0.3667
2026-06-14 16:47:08  INFO      Epoch   4/10  train_loss=0.3286  train_acc=0.8790  val_loss=0.3086  val_acc=0.8846  lr=7.94e-04  (122.5s)
2026-06-14 16:47:32  DEBUG       Epoch   5  Batch   75/375  [######------------------------]  20.0%  loss=0.2578
2026-06-14 16:47:56  DEBUG       Epoch   5  Batch  150/375  [############------------------]  40.0%  loss=0.2949
2026-06-14 16:48:21  DEBUG       Epoch   5  Batch  225/375  [##################------------]  60.0%  loss=0.2635
2026-06-14 16:48:47  DEBUG       Epoch   5  Batch  300/375  [########################------]  80.0%  loss=0.3614
2026-06-14 16:49:13  DEBUG       Epoch   5  Batch  375/375  [##############################] 100.0%  loss=0.2822
2026-06-14 16:49:22  INFO      Epoch   5/10  train_loss=0.2976  train_acc=0.8916  val_loss=0.2967  val_acc=0.8940  lr=6.55e-04  (124.8s)
2026-06-14 16:49:47  DEBUG       Epoch   6  Batch   75/375  [######------------------------]  20.0%  loss=0.3716
2026-06-14 16:50:12  DEBUG       Epoch   6  Batch  150/375  [############------------------]  40.0%  loss=0.2698
2026-06-14 16:50:37  DEBUG       Epoch   6  Batch  225/375  [##################------------]  60.0%  loss=0.3718
2026-06-14 16:51:01  DEBUG       Epoch   6  Batch  300/375  [########################------]  80.0%  loss=0.3172
2026-06-14 16:51:26  DEBUG       Epoch   6  Batch  375/375  [##############################] 100.0%  loss=0.3143
2026-06-14 16:51:34  INFO      Epoch   6/10  train_loss=0.2738  train_acc=0.8998  val_loss=0.2743  val_acc=0.9007  lr=5.01e-04  (124.2s)
2026-06-14 16:51:59  DEBUG       Epoch   7  Batch   75/375  [######------------------------]  20.0%  loss=0.3173
2026-06-14 16:52:24  DEBUG       Epoch   7  Batch  150/375  [############------------------]  40.0%  loss=0.3719
2026-06-14 16:52:49  DEBUG       Epoch   7  Batch  225/375  [##################------------]  60.0%  loss=0.2400
2026-06-14 16:53:13  DEBUG       Epoch   7  Batch  300/375  [########################------]  80.0%  loss=0.1546
2026-06-14 16:53:43  DEBUG       Epoch   7  Batch  375/375  [##############################] 100.0%  loss=0.1203
2026-06-14 16:53:52  INFO      Epoch   7/10  train_loss=0.2544  train_acc=0.9076  val_loss=0.2748  val_acc=0.8985  lr=3.46e-04  (129.3s)
2026-06-14 16:54:13  DEBUG       Epoch   8  Batch   75/375  [######------------------------]  20.0%  loss=0.2094
2026-06-14 16:54:34  DEBUG       Epoch   8  Batch  150/375  [############------------------]  40.0%  loss=0.2445
2026-06-14 16:54:54  DEBUG       Epoch   8  Batch  225/375  [##################------------]  60.0%  loss=0.2484
2026-06-14 16:55:15  DEBUG       Epoch   8  Batch  300/375  [########################------]  80.0%  loss=0.2229
2026-06-14 16:55:34  DEBUG       Epoch   8  Batch  375/375  [##############################] 100.0%  loss=0.2385
2026-06-14 16:55:41  INFO      Epoch   8/10  train_loss=0.2397  train_acc=0.9119  val_loss=0.2505  val_acc=0.9082  lr=2.07e-04  (102.7s)
2026-06-14 16:56:03  DEBUG       Epoch   9  Batch   75/375  [######------------------------]  20.0%  loss=0.2471
2026-06-14 16:56:23  DEBUG       Epoch   9  Batch  150/375  [############------------------]  40.0%  loss=0.2252
2026-06-14 16:56:42  DEBUG       Epoch   9  Batch  225/375  [##################------------]  60.0%  loss=0.2339
2026-06-14 16:57:03  DEBUG       Epoch   9  Batch  300/375  [########################------]  80.0%  loss=0.1663
2026-06-14 16:57:23  DEBUG       Epoch   9  Batch  375/375  [##############################] 100.0%  loss=0.1939
2026-06-14 16:57:30  INFO      Epoch   9/10  train_loss=0.2244  train_acc=0.9181  val_loss=0.2168  val_acc=0.9200  lr=9.64e-05  (101.6s)
2026-06-14 16:57:51  DEBUG       Epoch  10  Batch   75/375  [######------------------------]  20.0%  loss=0.2074
2026-06-14 16:58:13  DEBUG       Epoch  10  Batch  150/375  [############------------------]  40.0%  loss=0.2183
2026-06-14 16:58:34  DEBUG       Epoch  10  Batch  225/375  [##################------------]  60.0%  loss=0.2549
2026-06-14 16:58:54  DEBUG       Epoch  10  Batch  300/375  [########################------]  80.0%  loss=0.3650
2026-06-14 16:59:15  DEBUG       Epoch  10  Batch  375/375  [##############################] 100.0%  loss=0.2068
2026-06-14 16:59:22  INFO      Epoch  10/10  train_loss=0.2154  train_acc=0.9225  val_loss=0.2156  val_acc=0.9203  lr=2.54e-05  (104.6s)
2026-06-14 16:59:22  INFO      Training complete.  Total wall time: 1264.2s
2026-06-14 16:59:22  INFO      Loading best model for final evaluation …
2026-06-14 16:59:22  INFO      Final evaluation on validation set …
2026-06-14 16:59:29  INFO        Final val_loss=0.2156  val_acc=0.9203
2026-06-14 16:59:29  INFO      Computing experiment metrics …
2026-06-14 16:59:29  INFO        Benchmarking inference latency …
2026-06-14 16:59:33  INFO        Metrics summary:
2026-06-14 16:59:33  INFO          val_acc          = 92.03%
2026-06-14 16:59:33  INFO          inference_lat    = 16.090 ms/image
2026-06-14 16:59:33  INFO          model_size       = 1.04 MB
2026-06-14 16:59:33  INFO          avg_M            = 3.29
2026-06-14 16:59:33  INFO          compression_ratio= 9.72×
2026-06-14 16:59:33  INFO          quant_error      = 29.4254
2026-06-14 16:59:33  INFO        Experiment summary → ./results\mode_E\metrics\experiment_summary.csv
2026-06-14 16:59:33  INFO        Layer quantization report → ./results\mode_E\metrics\layer_quantization_report.csv
2026-06-14 16:59:33  INFO      Generating training plots …
2026-06-14 16:59:34  INFO        Plots saved to ./results\mode_E\plots
2026-06-14 16:59:34  INFO        Run config → ./results\mode_E\logs\mode_E_config.json
2026-06-14 16:59:34  INFO      ======================================================================
2026-06-14 16:59:34  INFO        DONE.  Final val accuracy: 92.03%
2026-06-14 16:59:34  INFO      ======================================================================
2026-06-14 16:59:35  INFO        Mode E complete. val_acc=0.9203333333333333
2026-06-14 16:59:35  INFO      
  All requested modes completed.
